<?xml version="1.0" encoding="UTF-8"?>
<testsuite name="RoboticonTest" tests="3" skipped="0" failures="0" errors="0" timestamp="2017-01-18T20:50:53" hostname="nas10-240-60-77.york.ac.uk" time="0.05">
  <properties/>
  <testcase name="ValidproductionModifier" classname="RoboticonTest" time="0.002"/>
  <testcase name="ValidpossibleUpgrades" classname="RoboticonTest" time="0.003"/>
  <testcase name="Validupgrade" classname="RoboticonTest" time="0.0"/>
  <system-out><![CDATA[]]></system-out>
  <system-err><![CDATA[]]></system-err>
</testsuite>
