<?xml version="1.0" encoding="UTF-8"?>
<testsuite name="marketTest" tests="9" skipped="0" failures="0" errors="0" timestamp="2017-01-18T20:50:52" hostname="nas10-240-60-77.york.ac.uk" time="0.511">
  <properties/>
  <testcase name="gambleTest" classname="marketTest" time="0.001"/>
  <testcase name="buyEnergyException" classname="marketTest" time="0.002"/>
  <testcase name="sellOreTest" classname="marketTest" time="0.0"/>
  <testcase name="buyFoodTest" classname="marketTest" time="0.002"/>
  <testcase name="sellFoodTest" classname="marketTest" time="0.001"/>
  <testcase name="buyEnergyTest" classname="marketTest" time="0.0"/>
  <testcase name="sellEnergyException" classname="marketTest" time="0.0"/>
  <testcase name="sellEnergyTest" classname="marketTest" time="0.0"/>
  <testcase name="buyOreTest" classname="marketTest" time="0.001"/>
  <system-out><![CDATA[]]></system-out>
  <system-err><![CDATA[]]></system-err>
</testsuite>
